<?xml version="1.0" encoding="UTF-8"?>
<!-- Generated by org.testng.reporters.JUnitReportReporter -->
<testsuite skipped="0" hostname="Kannapi" name="com.obsqura.selenium.POMHomeworks.Base" tests="1" failures="0" timestamp="24 Nov 2022 13:58:17 GMT" time="8.179" errors="0">
  <testcase name="initializeBrowser" time="8.179" classname="com.obsqura.selenium.POMHomeworks.Base"/>
</testsuite> <!-- com.obsqura.selenium.POMHomeworks.Base -->
