<?xml version="1.0" encoding="UTF-8"?>
<!-- Generated by org.testng.reporters.JUnitReportReporter -->
<testsuite skipped="0" hostname="Kannapi" name="com.obsqura.selenium.POMHomeworks.SeleniumBlogspot" tests="2" failures="0" timestamp="27 Nov 2022 21:01:03 GMT" time="15.449" errors="0">
  <testcase name="verifyOperaRadioButtonSelected" time="9.050" classname="com.obsqura.selenium.POMHomeworks.SeleniumBlogspot"/>
  <testcase name="verifyRedCheckboxSelected" time="6.399" classname="com.obsqura.selenium.POMHomeworks.SeleniumBlogspot"/>
</testsuite> <!-- com.obsqura.selenium.POMHomeworks.SeleniumBlogspot -->
