<?xml version="1.0" encoding="UTF-8"?>
<!-- Generated by org.testng.reporters.JUnitReportReporter -->
<testsuite skipped="0" hostname="Kannapi" name="com.obsqura.selenium.pageObjectModel_POM.SimpleFormDemo" tests="1" failures="0" timestamp="24 Nov 2022 03:27:52 GMT" time="7.538" errors="0">
  <testcase name="enterMessageAndVerifySingleInputField" time="7.538" classname="com.obsqura.selenium.pageObjectModel_POM.SimpleFormDemo"/>
</testsuite> <!-- com.obsqura.selenium.pageObjectModel_POM.SimpleFormDemo -->
