<?xml version="1.0" encoding="UTF-8"?>
<!-- Generated by org.testng.reporters.JUnitReportReporter -->
<testsuite skipped="0" hostname="Kannapi" name="com.obsqura.selenium.pageObjectModel_POM.TablePageTest" tests="1" failures="0" timestamp="19 Dec 2022 22:01:54 GMT" time="7.920" errors="0">
  <testcase name="verifyInputAndActual" time="7.920" classname="com.obsqura.selenium.pageObjectModel_POM.TablePageTest"/>
</testsuite> <!-- com.obsqura.selenium.pageObjectModel_POM.TablePageTest -->
