<?xml version="1.0" encoding="UTF-8"?>
<!-- Generated by org.testng.reporters.JUnitReportReporter -->
<testsuite skipped="0" hostname="Kannapi" name="com.obsqura.selenium.PointObjectModel_POM.BasePOM" tests="1" failures="0" timestamp="23 Nov 2022 11:27:51 GMT" time="7.698" errors="0">
  <testcase name="initialiseBrowser" time="7.698" classname="com.obsqura.selenium.PointObjectModel_POM.BasePOM"/>
</testsuite> <!-- com.obsqura.selenium.PointObjectModel_POM.BasePOM -->
