<?xml version="1.0" encoding="UTF-8"?>
<!-- Generated by org.testng.reporters.JUnitReportReporter -->
<testsuite skipped="0" hostname="Kannapi" name="com.obsqura.selenium.pageObjectModel_POM.SelectInputPageDataFromExcelTest" tests="2" failures="0" timestamp="07 Dec 2022 15:19:41 GMT" time="11.652" errors="0">
  <testcase name="SelectMultipleInputColorAndVerify" time="7.619" classname="com.obsqura.selenium.pageObjectModel_POM.SelectInputPageDataFromExcelTest"/>
  <testcase name="selectSingleInputColorAndVerify" time="4.033" classname="com.obsqura.selenium.pageObjectModel_POM.SelectInputPageDataFromExcelTest"/>
</testsuite> <!-- com.obsqura.selenium.pageObjectModel_POM.SelectInputPageDataFromExcelTest -->
