<?xml version="1.0" encoding="UTF-8"?>
<!-- Generated by org.testng.reporters.JUnitReportReporter -->
<testsuite skipped="0" hostname="Kannapi" name="com.obsqura.selenium.pageObjectModel_POM.SimpleFormDemo" tests="1" failures="0" timestamp="08 Dec 2022 20:47:36 GMT" time="9.182" errors="0">
  <testcase name="verifyDragAndDrop" time="9.182" classname="com.obsqura.selenium.pageObjectModel_POM.SimpleFormDemo"/>
</testsuite> <!-- com.obsqura.selenium.pageObjectModel_POM.SimpleFormDemo -->
