<?xml version="1.0" encoding="UTF-8"?>
<!-- Generated by org.testng.reporters.JUnitReportReporter -->
<testsuite skipped="0" hostname="Kannapi" name="com.obsqura.selenium.pageObjectModel_POM.SelectInputTest" tests="1" failures="0" timestamp="28 Nov 2022 10:12:03 GMT" time="8.554" errors="0">
  <testcase name="selectColorAndVerifySelectMultipleInputColor" time="8.554" classname="com.obsqura.selenium.pageObjectModel_POM.SelectInputTest"/>
</testsuite> <!-- com.obsqura.selenium.pageObjectModel_POM.SelectInputTest -->
