<?xml version="1.0" encoding="UTF-8"?>
<!-- Generated by org.testng.reporters.JUnitReportReporter -->
<testsuite skipped="0" hostname="Kannapi" name="com.obsqura.selenium.pageObjectModel_POM.SelectInputTest" tests="2" failures="0" timestamp="07 Dec 2022 22:05:34 GMT" time="15.862" errors="0">
  <testcase name="selectColorAndVerifySelectSingleInputColor" time="11.100" classname="com.obsqura.selenium.pageObjectModel_POM.SelectInputTest"/>
  <testcase name="selectColorAndVerifySelectMultipleInputColor" time="4.762" classname="com.obsqura.selenium.pageObjectModel_POM.SelectInputTest"/>
</testsuite> <!-- com.obsqura.selenium.pageObjectModel_POM.SelectInputTest -->
